<?xml version="1.0" encoding="UTF-8"?>
<!-- Generated by org.testng.reporters.JUnitReportReporter -->
<testsuite skipped="0" hostname="DESKTOP-SVFVSLA" name="testng.TestNG" tests="3" failures="0" timestamp="14 May 2021 18:28:29 GMT" time="0.028" errors="0">
  <testcase name="m2" time="0.023" classname="testng.TestNG"/>
  <testcase name="m3" time="0.002" classname="testng.TestNG"/>
  <testcase name="m1" time="0.003" classname="testng.TestNG"/>
</testsuite> <!-- testng.TestNG -->
