<?xml version="1.0" encoding="UTF-8"?>
<!-- Generated by org.testng.reporters.JUnitReportReporter -->
<testsuite skipped="0" hostname="DESKTOP-SVFVSLA" name="testng.TestNG1" tests="3" failures="0" timestamp="14 May 2021 18:28:29 GMT" time="0.022" errors="0">
  <testcase name="m5" time="0.005" classname="testng.TestNG1"/>
  <testcase name="m4" time="0.007" classname="testng.TestNG1"/>
  <testcase name="m6" time="0.010" classname="testng.TestNG1"/>
</testsuite> <!-- testng.TestNG1 -->
